============================= test session starts ==============================
platform linux -- Python 3.13.3, pytest-8.4.2, pluggy-1.6.0
rootdir: /workspace
collected 58 items

comprehensive_test.py ..                                                 [  3%]
diagnose_batch_test.py .                                                 [  5%]
direct_test.py .                                                         [  6%]
minimal_test.py .                                                        [  8%]
streamlit_deployability_test.py ......                                   [ 18%]
test_all_batch_files.py EE                                               [ 22%]
test_basic_functionality.py ..                                           [ 25%]
test_certificates.py .                                                   [ 27%]
test_cloud_deployment.py ...                                             [ 32%]
test_deployment.py .                                                     [ 34%]
test_deviation_statement_zero_rate.py .                                  [ 36%]
test_enhanced_pdf.py .                                                   [ 37%]
test_essential_packages.py .                                             [ 39%]
test_float_conversion.py .                                               [ 41%]
test_imports.py .                                                        [ 43%]
test_input_output.py .                                                   [ 44%]
test_launch.py .                                                         [ 46%]
test_modular_app.py ..                                                   [ 50%]
test_modular_fixes.py ...                                                [ 55%]
test_original_templates.py .                                             [ 56%]
test_pdfkit.py F                                                         [ 58%]
test_pdfkit_import.py ..                                                 [ 62%]
test_requirements.py .                                                   [ 63%]
test_specification_fix.py .                                              [ 65%]
test_streamlit_deploy.py ..                                              [ 68%]
test_streamlit_imports.py .                                              [ 70%]
test_streamlit_pdf.py .                                                  [ 72%]
test_templates.py .                                                      [ 74%]
test_zero_rate_fix.py .                                                  [ 75%]
test_zero_rate_handling.py .                                             [ 77%]
tests/test_modularization.py .....                                       [ 86%]
tests/test_optimizations.py ........                                     [100%]

==================================== ERRORS ====================================
___________________ ERROR at setup of test_batch_file_syntax ___________________
file /workspace/test_all_batch_files.py, line 10
  def test_batch_file_syntax(file_path):
E       fixture 'file_path' not found
>       available fixtures: cache, capfd, capfdbinary, caplog, capsys, capsysbinary, capteesys, doctest_namespace, monkeypatch, pytestconfig, record_property, record_testsuite_property, record_xml_attribute, recwarn, tmp_path, tmp_path_factory, tmpdir, tmpdir_factory
>       use 'pytest --fixtures [testpath]' for help on them.

/workspace/test_all_batch_files.py:10
_________________ ERROR at setup of test_batch_file_execution __________________
file /workspace/test_all_batch_files.py, line 62
  def test_batch_file_execution(file_path):
E       fixture 'file_path' not found
>       available fixtures: cache, capfd, capfdbinary, caplog, capsys, capsysbinary, capteesys, doctest_namespace, monkeypatch, pytestconfig, record_property, record_testsuite_property, record_xml_attribute, recwarn, tmp_path, tmp_path_factory, tmpdir, tmpdir_factory
>       use 'pytest --fixtures [testpath]' for help on them.

/workspace/test_all_batch_files.py:62
=================================== FAILURES ===================================
_________________________________ test_pdfkit __________________________________

self = <pdfkit.configuration.Configuration object at 0x7f39d908c830>
wkhtmltopdf = '', meta_tag_prefix = 'pdfkit-', environ = ''

    def __init__(self, wkhtmltopdf='', meta_tag_prefix='pdfkit-', environ=''):
        self.meta_tag_prefix = meta_tag_prefix
    
        self.wkhtmltopdf = wkhtmltopdf
    
        try:
            if not self.wkhtmltopdf:
                if sys.platform == 'win32':
                    #hide cmd window
                    startupinfo = subprocess.STARTUPINFO()
                    startupinfo.dwFlags |= subprocess.STARTF_USESHOWWINDOW
                    startupinfo.wShowWindow = subprocess.SW_HIDE
    
                    self.wkhtmltopdf = subprocess.Popen(
                        ['where.exe', 'wkhtmltopdf'], stdout=subprocess.PIPE, startupinfo=startupinfo).communicate()[0]
                else:
                    self.wkhtmltopdf = subprocess.Popen(
                        ['which', 'wkhtmltopdf'], stdout=subprocess.PIPE).communicate()[0]
    
            lines = self.wkhtmltopdf.splitlines()
            if len(lines) > 0:
                self.wkhtmltopdf = lines[0].strip()
    
>           with open(self.wkhtmltopdf) as f:
                 ^^^^^^^^^^^^^^^^^^^^^^
E           FileNotFoundError: [Errno 2] No such file or directory: b''

/home/ubuntu/.local/lib/python3.13/site-packages/pdfkit/configuration.py:35: FileNotFoundError

During handling of the above exception, another exception occurred:

    def test_pdfkit():
        """Test if pdfkit can generate a simple PDF"""
        print("Testing pdfkit with wkhtmltopdf...")
    
        # Configure wkhtmltopdf
        if platform.system() == "Windows":
            wkhtmltopdf_path = r"C:\Program Files\wkhtmltopdf\bin\wkhtmltopdf.exe"
            if os.path.exists(wkhtmltopdf_path):
                print(f"‚úì Found wkhtmltopdf at: {wkhtmltopdf_path}")
                config = pdfkit.configuration(wkhtmltopdf=wkhtmltopdf_path)
            else:
                print(f"‚úó wkhtmltopdf not found at: {wkhtmltopdf_path}")
                return False
        else:
>           config = pdfkit.configuration()
                     ^^^^^^^^^^^^^^^^^^^^^^

test_pdfkit.py:22: 
_ _ _ _ _ _ _ _ _ _ _ _ _ _ _ _ _ _ _ _ _ _ _ _ _ _ _ _ _ _ _ _ _ _ _ _ _ _ _ _ 
/home/ubuntu/.local/lib/python3.13/site-packages/pdfkit/api.py:86: in configuration
    return Configuration(**kwargs)
           ^^^^^^^^^^^^^^^^^^^^^^^
_ _ _ _ _ _ _ _ _ _ _ _ _ _ _ _ _ _ _ _ _ _ _ _ _ _ _ _ _ _ _ _ _ _ _ _ _ _ _ _ 

self = <pdfkit.configuration.Configuration object at 0x7f39d908c830>
wkhtmltopdf = '', meta_tag_prefix = 'pdfkit-', environ = ''

    def __init__(self, wkhtmltopdf='', meta_tag_prefix='pdfkit-', environ=''):
        self.meta_tag_prefix = meta_tag_prefix
    
        self.wkhtmltopdf = wkhtmltopdf
    
        try:
            if not self.wkhtmltopdf:
                if sys.platform == 'win32':
                    #hide cmd window
                    startupinfo = subprocess.STARTUPINFO()
                    startupinfo.dwFlags |= subprocess.STARTF_USESHOWWINDOW
                    startupinfo.wShowWindow = subprocess.SW_HIDE
    
                    self.wkhtmltopdf = subprocess.Popen(
                        ['where.exe', 'wkhtmltopdf'], stdout=subprocess.PIPE, startupinfo=startupinfo).communicate()[0]
                else:
                    self.wkhtmltopdf = subprocess.Popen(
                        ['which', 'wkhtmltopdf'], stdout=subprocess.PIPE).communicate()[0]
    
            lines = self.wkhtmltopdf.splitlines()
            if len(lines) > 0:
                self.wkhtmltopdf = lines[0].strip()
    
            with open(self.wkhtmltopdf) as f:
                pass
        except (IOError, FileNotFoundError) as e:
>           raise IOError('No wkhtmltopdf executable found: "%s"\n'
                          'If this file exists please check that this process can '
                          'read it or you can pass path to it manually in method call, '
                          'check README. Otherwise please install wkhtmltopdf - '
                          'https://github.com/JazzCore/python-pdfkit/wiki/Installing-wkhtmltopdf' % self.wkhtmltopdf)
E           OSError: No wkhtmltopdf executable found: "b''"
E           If this file exists please check that this process can read it or you can pass path to it manually in method call, check README. Otherwise please install wkhtmltopdf - https://github.com/JazzCore/python-pdfkit/wiki/Installing-wkhtmltopdf

/home/ubuntu/.local/lib/python3.13/site-packages/pdfkit/configuration.py:38: OSError
----------------------------- Captured stdout call -----------------------------
Testing pdfkit with wkhtmltopdf...
=============================== warnings summary ===============================
comprehensive_test.py::test_safe_float
  /home/ubuntu/.local/lib/python3.13/site-packages/_pytest/python.py:161: PytestReturnNotNoneWarning: Test functions should return None, but comprehensive_test.py::test_safe_float returned <class 'bool'>.
  Did you mean to use `assert` instead of `return`?
  See https://docs.pytest.org/en/stable/how-to/assert.html#return-not-none for more information.
    warnings.warn(

comprehensive_test.py::test_sum_with_safe_float
  /home/ubuntu/.local/lib/python3.13/site-packages/_pytest/python.py:161: PytestReturnNotNoneWarning: Test functions should return None, but comprehensive_test.py::test_sum_with_safe_float returned <class 'bool'>.
  Did you mean to use `assert` instead of `return`?
  See https://docs.pytest.org/en/stable/how-to/assert.html#return-not-none for more information.
    warnings.warn(

direct_test.py::test_enhanced_batch_tester
  /home/ubuntu/.local/lib/python3.13/site-packages/_pytest/python.py:161: PytestReturnNotNoneWarning: Test functions should return None, but direct_test.py::test_enhanced_batch_tester returned <class 'bool'>.
  Did you mean to use `assert` instead of `return`?
  See https://docs.pytest.org/en/stable/how-to/assert.html#return-not-none for more information.
    warnings.warn(

minimal_test.py::test_template_loading
  /home/ubuntu/.local/lib/python3.13/site-packages/_pytest/python.py:161: PytestReturnNotNoneWarning: Test functions should return None, but minimal_test.py::test_template_loading returned <class 'bool'>.
  Did you mean to use `assert` instead of `return`?
  See https://docs.pytest.org/en/stable/how-to/assert.html#return-not-none for more information.
    warnings.warn(

streamlit_deployability_test.py::test_python_environment
  /home/ubuntu/.local/lib/python3.13/site-packages/_pytest/python.py:161: PytestReturnNotNoneWarning: Test functions should return None, but streamlit_deployability_test.py::test_python_environment returned <class 'bool'>.
  Did you mean to use `assert` instead of `return`?
  See https://docs.pytest.org/en/stable/how-to/assert.html#return-not-none for more information.
    warnings.warn(

streamlit_deployability_test.py::test_required_dependencies
  /home/ubuntu/.local/lib/python3.13/site-packages/_pytest/python.py:161: PytestReturnNotNoneWarning: Test functions should return None, but streamlit_deployability_test.py::test_required_dependencies returned <class 'bool'>.
  Did you mean to use `assert` instead of `return`?
  See https://docs.pytest.org/en/stable/how-to/assert.html#return-not-none for more information.
    warnings.warn(

streamlit_deployability_test.py::test_module_imports
  /home/ubuntu/.local/lib/python3.13/site-packages/_pytest/python.py:161: PytestReturnNotNoneWarning: Test functions should return None, but streamlit_deployability_test.py::test_module_imports returned <class 'bool'>.
  Did you mean to use `assert` instead of `return`?
  See https://docs.pytest.org/en/stable/how-to/assert.html#return-not-none for more information.
    warnings.warn(

streamlit_deployability_test.py::test_template_files
  /home/ubuntu/.local/lib/python3.13/site-packages/_pytest/python.py:161: PytestReturnNotNoneWarning: Test functions should return None, but streamlit_deployability_test.py::test_template_files returned <class 'bool'>.
  Did you mean to use `assert` instead of `return`?
  See https://docs.pytest.org/en/stable/how-to/assert.html#return-not-none for more information.
    warnings.warn(

streamlit_deployability_test.py::test_streamlit_syntax
  /home/ubuntu/.local/lib/python3.13/site-packages/_pytest/python.py:161: PytestReturnNotNoneWarning: Test functions should return None, but streamlit_deployability_test.py::test_streamlit_syntax returned <class 'bool'>.
  Did you mean to use `assert` instead of `return`?
  See https://docs.pytest.org/en/stable/how-to/assert.html#return-not-none for more information.
    warnings.warn(

streamlit_deployability_test.py::test_actual_streamlit_import
  /home/ubuntu/.local/lib/python3.13/site-packages/_pytest/python.py:161: PytestReturnNotNoneWarning: Test functions should return None, but streamlit_deployability_test.py::test_actual_streamlit_import returned <class 'bool'>.
  Did you mean to use `assert` instead of `return`?
  See https://docs.pytest.org/en/stable/how-to/assert.html#return-not-none for more information.
    warnings.warn(

test_basic_functionality.py::test_imports
  /home/ubuntu/.local/lib/python3.13/site-packages/_pytest/python.py:161: PytestReturnNotNoneWarning: Test functions should return None, but test_basic_functionality.py::test_imports returned <class 'bool'>.
  Did you mean to use `assert` instead of `return`?
  See https://docs.pytest.org/en/stable/how-to/assert.html#return-not-none for more information.
    warnings.warn(

test_basic_functionality.py::test_function_imports
  /home/ubuntu/.local/lib/python3.13/site-packages/_pytest/python.py:161: PytestReturnNotNoneWarning: Test functions should return None, but test_basic_functionality.py::test_function_imports returned <class 'bool'>.
  Did you mean to use `assert` instead of `return`?
  See https://docs.pytest.org/en/stable/how-to/assert.html#return-not-none for more information.
    warnings.warn(

test_certificates.py::test_certificate_templates
  /home/ubuntu/.local/lib/python3.13/site-packages/_pytest/python.py:161: PytestReturnNotNoneWarning: Test functions should return None, but test_certificates.py::test_certificate_templates returned <class 'bool'>.
  Did you mean to use `assert` instead of `return`?
  See https://docs.pytest.org/en/stable/how-to/assert.html#return-not-none for more information.
    warnings.warn(

test_cloud_deployment.py::test_basic_requirements
  /home/ubuntu/.local/lib/python3.13/site-packages/_pytest/python.py:161: PytestReturnNotNoneWarning: Test functions should return None, but test_cloud_deployment.py::test_basic_requirements returned <class 'bool'>.
  Did you mean to use `assert` instead of `return`?
  See https://docs.pytest.org/en/stable/how-to/assert.html#return-not-none for more information.
    warnings.warn(

test_cloud_deployment.py::test_environment_detection
  /home/ubuntu/.local/lib/python3.13/site-packages/_pytest/python.py:161: PytestReturnNotNoneWarning: Test functions should return None, but test_cloud_deployment.py::test_environment_detection returned <class 'bool'>.
  Did you mean to use `assert` instead of `return`?
  See https://docs.pytest.org/en/stable/how-to/assert.html#return-not-none for more information.
    warnings.warn(

test_cloud_deployment.py::test_pdf_generation
  /home/ubuntu/.local/lib/python3.13/site-packages/_pytest/python.py:161: PytestReturnNotNoneWarning: Test functions should return None, but test_cloud_deployment.py::test_pdf_generation returned <class 'bool'>.
  Did you mean to use `assert` instead of `return`?
  See https://docs.pytest.org/en/stable/how-to/assert.html#return-not-none for more information.
    warnings.warn(

test_deployment.py::test_deployment
  /home/ubuntu/.local/lib/python3.13/site-packages/_pytest/python.py:161: PytestReturnNotNoneWarning: Test functions should return None, but test_deployment.py::test_deployment returned <class 'bool'>.
  Did you mean to use `assert` instead of `return`?
  See https://docs.pytest.org/en/stable/how-to/assert.html#return-not-none for more information.
    warnings.warn(

test_enhanced_pdf.py::test_enhanced_pdf_generation
  /home/ubuntu/.local/lib/python3.13/site-packages/_pytest/python.py:161: PytestReturnNotNoneWarning: Test functions should return None, but test_enhanced_pdf.py::test_enhanced_pdf_generation returned <class 'bool'>.
  Did you mean to use `assert` instead of `return`?
  See https://docs.pytest.org/en/stable/how-to/assert.html#return-not-none for more information.
    warnings.warn(

test_essential_packages.py::test_essential_packages
  /home/ubuntu/.local/lib/python3.13/site-packages/_pytest/python.py:161: PytestReturnNotNoneWarning: Test functions should return None, but test_essential_packages.py::test_essential_packages returned <class 'bool'>.
  Did you mean to use `assert` instead of `return`?
  See https://docs.pytest.org/en/stable/how-to/assert.html#return-not-none for more information.
    warnings.warn(

test_imports.py::test_imports
  /home/ubuntu/.local/lib/python3.13/site-packages/_pytest/python.py:161: PytestReturnNotNoneWarning: Test functions should return None, but test_imports.py::test_imports returned <class 'bool'>.
  Did you mean to use `assert` instead of `return`?
  See https://docs.pytest.org/en/stable/how-to/assert.html#return-not-none for more information.
    warnings.warn(

test_input_output.py::test_different_inputs
  /home/ubuntu/.local/lib/python3.13/site-packages/_pytest/python.py:161: PytestReturnNotNoneWarning: Test functions should return None, but test_input_output.py::test_different_inputs returned <class 'bool'>.
  Did you mean to use `assert` instead of `return`?
  See https://docs.pytest.org/en/stable/how-to/assert.html#return-not-none for more information.
    warnings.warn(

test_launch.py::test_app_launch
  /home/ubuntu/.local/lib/python3.13/site-packages/_pytest/python.py:161: PytestReturnNotNoneWarning: Test functions should return None, but test_launch.py::test_app_launch returned <class 'bool'>.
  Did you mean to use `assert` instead of `return`?
  See https://docs.pytest.org/en/stable/how-to/assert.html#return-not-none for more information.
    warnings.warn(

test_modular_app.py::test_imports
  /home/ubuntu/.local/lib/python3.13/site-packages/_pytest/python.py:161: PytestReturnNotNoneWarning: Test functions should return None, but test_modular_app.py::test_imports returned <class 'bool'>.
  Did you mean to use `assert` instead of `return`?
  See https://docs.pytest.org/en/stable/how-to/assert.html#return-not-none for more information.
    warnings.warn(

test_modular_app.py::test_module_structure
  /home/ubuntu/.local/lib/python3.13/site-packages/_pytest/python.py:161: PytestReturnNotNoneWarning: Test functions should return None, but test_modular_app.py::test_module_structure returned <class 'bool'>.
  Did you mean to use `assert` instead of `return`?
  See https://docs.pytest.org/en/stable/how-to/assert.html#return-not-none for more information.
    warnings.warn(

test_modular_fixes.py::test_file_structure
  /home/ubuntu/.local/lib/python3.13/site-packages/_pytest/python.py:161: PytestReturnNotNoneWarning: Test functions should return None, but test_modular_fixes.py::test_file_structure returned <class 'bool'>.
  Did you mean to use `assert` instead of `return`?
  See https://docs.pytest.org/en/stable/how-to/assert.html#return-not-none for more information.
    warnings.warn(

test_modular_fixes.py::test_module_imports
  /home/ubuntu/.local/lib/python3.13/site-packages/_pytest/python.py:161: PytestReturnNotNoneWarning: Test functions should return None, but test_modular_fixes.py::test_module_imports returned <class 'bool'>.
  Did you mean to use `assert` instead of `return`?
  See https://docs.pytest.org/en/stable/how-to/assert.html#return-not-none for more information.
    warnings.warn(

test_modular_fixes.py::test_old_references_removed
  /home/ubuntu/.local/lib/python3.13/site-packages/_pytest/python.py:161: PytestReturnNotNoneWarning: Test functions should return None, but test_modular_fixes.py::test_old_references_removed returned <class 'bool'>.
  Did you mean to use `assert` instead of `return`?
  See https://docs.pytest.org/en/stable/how-to/assert.html#return-not-none for more information.
    warnings.warn(

test_original_templates.py::test_original_template_rendering
  /home/ubuntu/.local/lib/python3.13/site-packages/_pytest/python.py:161: PytestReturnNotNoneWarning: Test functions should return None, but test_original_templates.py::test_original_template_rendering returned <class 'bool'>.
  Did you mean to use `assert` instead of `return`?
  See https://docs.pytest.org/en/stable/how-to/assert.html#return-not-none for more information.
    warnings.warn(

test_pdfkit_import.py::test_pdfkit_import
  /home/ubuntu/.local/lib/python3.13/site-packages/_pytest/python.py:161: PytestReturnNotNoneWarning: Test functions should return None, but test_pdfkit_import.py::test_pdfkit_import returned <class 'bool'>.
  Did you mean to use `assert` instead of `return`?
  See https://docs.pytest.org/en/stable/how-to/assert.html#return-not-none for more information.
    warnings.warn(

test_pdfkit_import.py::test_renderers_import
  /home/ubuntu/.local/lib/python3.13/site-packages/_pytest/python.py:161: PytestReturnNotNoneWarning: Test functions should return None, but test_pdfkit_import.py::test_renderers_import returned <class 'bool'>.
  Did you mean to use `assert` instead of `return`?
  See https://docs.pytest.org/en/stable/how-to/assert.html#return-not-none for more information.
    warnings.warn(

test_requirements.py::test_requirements
  /home/ubuntu/.local/lib/python3.13/site-packages/_pytest/python.py:161: PytestReturnNotNoneWarning: Test functions should return None, but test_requirements.py::test_requirements returned <class 'bool'>.
  Did you mean to use `assert` instead of `return`?
  See https://docs.pytest.org/en/stable/how-to/assert.html#return-not-none for more information.
    warnings.warn(

test_streamlit_deploy.py::test_import_modular_app
  /home/ubuntu/.local/lib/python3.13/site-packages/_pytest/python.py:161: PytestReturnNotNoneWarning: Test functions should return None, but test_streamlit_deploy.py::test_import_modular_app returned <class 'bool'>.
  Did you mean to use `assert` instead of `return`?
  See https://docs.pytest.org/en/stable/how-to/assert.html#return-not-none for more information.
    warnings.warn(

test_streamlit_deploy.py::test_jinja2_templates
  /home/ubuntu/.local/lib/python3.13/site-packages/_pytest/python.py:161: PytestReturnNotNoneWarning: Test functions should return None, but test_streamlit_deploy.py::test_jinja2_templates returned <class 'bool'>.
  Did you mean to use `assert` instead of `return`?
  See https://docs.pytest.org/en/stable/how-to/assert.html#return-not-none for more information.
    warnings.warn(

test_streamlit_imports.py::test_imports
  /home/ubuntu/.local/lib/python3.13/site-packages/_pytest/python.py:161: PytestReturnNotNoneWarning: Test functions should return None, but test_streamlit_imports.py::test_imports returned <class 'bool'>.
  Did you mean to use `assert` instead of `return`?
  See https://docs.pytest.org/en/stable/how-to/assert.html#return-not-none for more information.
    warnings.warn(

test_streamlit_pdf.py::test_streamlit_pdf_integration
  /home/ubuntu/.local/lib/python3.13/site-packages/_pytest/python.py:161: PytestReturnNotNoneWarning: Test functions should return None, but test_streamlit_pdf.py::test_streamlit_pdf_integration returned <class 'bool'>.
  Did you mean to use `assert` instead of `return`?
  See https://docs.pytest.org/en/stable/how-to/assert.html#return-not-none for more information.
    warnings.warn(

test_templates.py::test_template_rendering
  /home/ubuntu/.local/lib/python3.13/site-packages/_pytest/python.py:161: PytestReturnNotNoneWarning: Test functions should return None, but test_templates.py::test_template_rendering returned <class 'bool'>.
  Did you mean to use `assert` instead of `return`?
  See https://docs.pytest.org/en/stable/how-to/assert.html#return-not-none for more information.
    warnings.warn(

-- Docs: https://docs.pytest.org/en/stable/how-to/capture-warnings.html
==================================== PASSES ====================================
_______________________________ test_safe_float ________________________________
----------------------------- Captured stdout call -----------------------------
Testing safe_float function...
  ‚úì None value: None -> 0.0
  ‚úì Empty string: '' -> 0.0
  ‚úì Whitespace only: ' ' -> 0.0
  ‚úì Multiple whitespace: '  ' -> 0.0
  ‚úì Zero as string: '0' -> 0.0
  ‚úì Integer as string: '123' -> 123.0
  ‚úì Decimal as string: '123.45' -> 123.45
  ‚úì Number with whitespace: ' 123 ' -> 123.0
  ‚úì Number with comma: '1,234' -> 1234.0
  ‚úì Decimal with comma: '1,234.56' -> 1234.56
  ‚úì Invalid string: 'abc' -> 0.0
  ‚úì Integer: 123 -> 123.0
  ‚úì Float: 123.45 -> 123.45
  ‚úì List (invalid type): [] -> 0.0
  ‚úì Dict (invalid type): {} -> 0.0
___________________________ test_sum_with_safe_float ___________________________
----------------------------- Captured stdout call -----------------------------

Testing sum operations with safe_float...
  ‚úì Sum test passed: 40060.5
_____________________________ test_simple_function _____________________________
----------------------------- Captured stdout call -----------------------------
=== Function Test ===
‚úó Failed to import validate_excel_file: No module named 'validate_and_process_tests'

----------------------------- Captured stderr call -----------------------------
Traceback (most recent call last):
  File "/workspace/diagnose_batch_test.py", line 84, in test_simple_function
    from validate_and_process_tests import validate_excel_file
ModuleNotFoundError: No module named 'validate_and_process_tests'
__________________________ test_enhanced_batch_tester __________________________
----------------------------- Captured stdout call -----------------------------
Testing enhanced batch tester directly...
‚úó Error running batch_process_all_test_files: No module named 'enhanced_batch_tester'
Full traceback:
----------------------------- Captured stderr call -----------------------------
Traceback (most recent call last):
  File "/workspace/direct_test.py", line 13, in test_enhanced_batch_tester
    from enhanced_batch_tester import batch_process_all_test_files
ModuleNotFoundError: No module named 'enhanced_batch_tester'
____________________________ test_template_loading _____________________________
----------------------------- Captured stdout call -----------------------------
‚úì Successfully loaded first_page.html
‚úì Successfully loaded deviation_statement.html
‚úì Successfully loaded extra_items.html
‚úì Successfully loaded last_page.html
‚úì Successfully loaded note_sheet.html
All templates loaded successfully!
___________________________ test_python_environment ____________________________
----------------------------- Captured stdout call -----------------------------
1. Testing Python Environment
------------------------------
  ‚úÖ Python: Python 3.13.3
__________________________ test_required_dependencies __________________________
----------------------------- Captured stdout call -----------------------------

2. Testing Required Dependencies
--------------------------------
  ‚úÖ streamlit
  ‚úÖ pandas
  ‚úÖ pdfkit
  ‚úÖ python-docx
  ‚úÖ num2words
  ‚úÖ jinja2
  ‚úÖ pypdf
  ‚úÖ numpy
_____________________________ test_module_imports ______________________________
----------------------------- Captured stdout call -----------------------------

3. Testing Application Module Imports
--------------------------------------
  ‚úÖ main function
  ‚úÖ bill processor module
  ‚úÖ export renderers
  ‚úÖ cache utilities
  ‚úÖ configuration settings
_____________________________ test_template_files ______________________________
----------------------------- Captured stdout call -----------------------------

4. Testing Template Files
------------------------
  ‚úÖ first_page.html
  ‚úÖ deviation_statement.html
  ‚úÖ extra_items.html
  ‚úÖ last_page.html
  ‚úÖ note_sheet.html
____________________________ test_streamlit_syntax _____________________________
----------------------------- Captured stdout call -----------------------------

5. Testing Streamlit App Syntax
------------------------------
  ‚úÖ app/main.py syntax is correct
_________________________ test_actual_streamlit_import _________________________
----------------------------- Captured stdout call -----------------------------

6. Testing Actual Streamlit App Import
--------------------------------------
  ‚úÖ app/main.py imported successfully
  ‚úÖ main function is properly defined
_________________________________ test_imports _________________________________
----------------------------- Captured stdout call -----------------------------
Testing imports...
‚úì app/main.py imported successfully
‚úì core/computations/bill_processor.py imported successfully
‚úì exports/renderers.py imported successfully
____________________________ test_function_imports _____________________________
----------------------------- Captured stdout call -----------------------------

Testing function imports...
‚úì process_bill function imported successfully
‚ö† enhanced_batch_tester not found (this is okay)
__________________________ test_certificate_templates __________________________
----------------------------- Captured stdout call -----------------------------
=== Testing Certificate II Template ===
‚úÖ Certificate II template rendered successfully
HTML length: 4046 characters
‚úÖ Measurement officer name found
‚úÖ Measurement date found
‚úÖ Officer name found
‚úÖ Authorising officer name found

=== Testing Certificate III Template ===
‚úÖ Certificate III template rendered successfully
HTML length: 6997 characters
‚úÖ Grand total found
‚úÖ Payable amount found
‚úÖ Amount in words found

üéâ All certificate templates render successfully!
___________________________ test_basic_requirements ____________________________
----------------------------- Captured stdout call -----------------------------
‚úì streamlit - OK
‚úì pandas - OK
‚úì openpyxl - OK
‚úì pdfkit - OK
‚úì docx - OK
‚úì num2words - OK
‚úì jinja2 - OK
‚úì pypdf - OK
‚úì numpy - OK
__________________________ test_environment_detection __________________________
----------------------------- Captured stdout call -----------------------------
Cloud environment detection: True
‚úì Cloud environment correctly detected
_____________________________ test_pdf_generation ______________________________
----------------------------- Captured stdout call -----------------------------
Failed to generate PDF with pdfkit: Could not render template: 'dict object' has no attribute 'extra_items_sum'
‚úó PDF generation failed: Failed to generate PDF with any available engine
_______________________________ test_deployment ________________________________
----------------------------- Captured stdout call -----------------------------
Testing Streamlit Cloud Deployment Readiness...
==================================================
1. Checking Python path...
   Current directory: /workspace
   Python path includes current directory: True

2. Testing module imports...
   ‚úÖ core.computations.bill_processor imports successful
   ‚úÖ exports.renderers imports successful
   ‚úÖ core.streamlit_pdf_integration imports successful

3. Checking requirements file...
   ‚úÖ All required packages found in requirements.txt

4. Checking file structure...
   ‚úÖ All required files present

5. Checking package initialization files...
   ‚úÖ All __init__.py files present

==================================================
üéâ Deployment readiness check completed!
All critical components are ready for Streamlit Cloud deployment.
_________________ test_deviation_statement_zero_rate_handling __________________
----------------------------- Captured stdout call -----------------------------
Testing Deviation Statement Zero Rate Item Handling
=======================================================

1. Deviation Statement Zero Rate Item:
   Input Data:
   - item_no: 10
   - description: Specialized Equipment
   - unit: Unit
   - qty_wo: 5.0
   - rate: 0
   - amt_wo: 0
   - qty_bill: 5.0
   - amt_bill: 0
   - excess_qty: 0
   - excess_amt: 0
   - saving_qty: 0
   - saving_amt: 0

   Processing Logic:
   - Rate value: 0.0
   - Condition (rate is None or rate == 0): True

   Output (Zero Rate Handling):
   ‚úÖ Item No. (serial_no): '10'
   ‚ùå Description: ''
   ‚ùå Unit: ''
   ‚ùå Qty as per Work Order: ''
   ‚ùå Rate: ''
   ‚ùå Amt as per Work Order: ''
   ‚ùå Qty Executed: ''
   ‚ùå Amt as per Executed: ''
   ‚ùå Excess Qty: ''
   ‚ùå Excess Amt: ''
   ‚ùå Saving Qty: ''
   ‚ùå Saving Amt: ''

2. Deviation Statement Normal Rate Item (for comparison):
   Input Data:
   - Item No.: 15
   - Description: Standard Materials
   - Unit: Kilogram
   - Qty as per Work Order: 100.0
   - Rate: 25.50
   - Qty Executed: 95.0

   Calculated Values:
   - Amt as per Work Order: 2550
   - Amt as per Executed: 2422
   - Excess Qty: 0
   - Excess Amt: 0
   - Saving Qty: 5.0
   - Saving Amt: 128

   Processing Logic:
   - Rate value: 25.5
   - Condition (rate is None or rate == 0): False

   Output (Normal Rate Handling):
   ‚úÖ Item No. (serial_no): '15'
   ‚úÖ Description: 'Standard Materials'
   ‚úÖ Unit: 'Kilogram'
   ‚úÖ Qty as per Work Order: '100.0'
   ‚úÖ Rate: '25.5'
   ‚úÖ Amt as per Work Order: '2550'
   ‚úÖ Qty Executed: '95.0'
   ‚úÖ Amt as per Executed: '2422'
   ‚úÖ Excess Qty: '0'
   ‚úÖ Excess Amt: '0'
   ‚úÖ Saving Qty: '5.0'
   ‚úÖ Saving Amt: '128'

=======================================================
Deviation Statement Zero Rate Handling Test Complete
‚úÖ Confirmed: Specification compliance verified
‚ùå Blank fields correctly left empty for zero rate items
_________________________ test_enhanced_pdf_generation _________________________
----------------------------- Captured stdout call -----------------------------
Testing Enhanced PDF Generation...
========================================
‚úÖ Enhanced PDF Generator imported successfully
‚úÖ EnhancedPDFGenerator initialized successfully
Available engines: ['pdfkit']
Failed to generate PDF with pdfkit: Could not render template: 'dict object' has no attribute 'extra_items_sum'
‚ùå Failed to generate PDF: Failed to generate PDF with any available engine
___________________________ test_essential_packages ____________________________
----------------------------- Captured stdout call -----------------------------
Testing Essential Package Imports
===================================
  ‚úÖ streamlit
  ‚úÖ pandas
  ‚úÖ openpyxl
  ‚úÖ pdfkit
  ‚úÖ python-docx
  ‚úÖ num2words
  ‚úÖ jinja2
  ‚úÖ pypdf
  ‚úÖ numpy

Results: 9/9 packages imported successfully
üéâ All essential packages imported successfully!
____________________________ test_float_conversion _____________________________
----------------------------- Captured stdout call -----------------------------
Testing float conversion fix:
  ‚úì Input: '' -> Output: 0.0 (Expected: 0.0)
  ‚úì Input: '  ' -> Output: 0.0 (Expected: 0.0)
  ‚úì Input: '0' -> Output: 0.0 (Expected: 0.0)
  ‚úì Input: '123' -> Output: 123.0 (Expected: 123.0)
  ‚úì Input: '123.45' -> Output: 123.45 (Expected: 123.45)
  ‚úì Input: ' 123 ' -> Output: 123.0 (Expected: 123.0)
  ‚úì Input: '1,234' -> Output: 1234.0 (Expected: 1234.0)
  ‚úì Input: 'abc' -> Output: 0.0 (Expected: 0.0)
  ‚úì Input: 123 -> Output: 123.0 (Expected: 123.0)
  ‚úì Input: 123.45 -> Output: 123.45 (Expected: 123.45)
  ‚úì Input: None -> Output: 0.0 (Expected: 0.0)

All tests completed!
_________________________________ test_imports _________________________________
----------------------------- Captured stdout call -----------------------------
‚úì Core computation module imports successful
‚úì Exports module imports successful
‚úì App module imports successful
‚úì Data module imports successful
‚úì Config module imports successful
____________________________ test_different_inputs _____________________________
----------------------------- Captured stdout call -----------------------------
Testing with first set of values...
Testing with second set of values...

Comparing results...
First Page Data 1 Grand Total: 9250
First Page Data 2 Grand Total: 13875
‚úÖ Different inputs produce different outputs - this is correct behavior
_______________________________ test_app_launch ________________________________
----------------------------- Captured stdout call -----------------------------
‚úì App module can be imported successfully
‚úì Core computation module can be imported successfully
‚úì Export module can be imported successfully
‚úì templates/first_page.html exists
‚úì templates/deviation_statement.html exists
‚úì templates/extra_items.html exists
‚úì templates/last_page.html exists
‚úì templates/note_sheet.html exists

‚úÖ All tests passed! The app should launch successfully.
_________________________________ test_imports _________________________________
----------------------------- Captured stdout call -----------------------------
‚úì Core computation module imports successful
‚úì Exports module imports successful
‚úì App module imports successful
____________________________ test_module_structure _____________________________
----------------------------- Captured stdout call -----------------------------
‚úì Found file: core/computations/bill_processor.py
‚úì Found file: exports/renderers.py
‚úì Found file: app/main.py
‚úì Found file: config/settings.py
‚úì Found file: data/cache_utils.py
_____________________________ test_file_structure ______________________________
----------------------------- Captured stdout call -----------------------------
Testing file structure...
  ‚úÖ app/main.py
  ‚úÖ core/computations/bill_processor.py
  ‚úÖ exports/renderers.py
  ‚úÖ templates/first_page.html
  ‚úÖ templates/deviation_statement.html
  ‚úÖ templates/extra_items.html
  ‚úÖ templates/last_page.html
  ‚úÖ templates/note_sheet.html
_____________________________ test_module_imports ______________________________
----------------------------- Captured stdout call -----------------------------

Testing module imports...
  ‚úÖ app/main.py
  ‚úÖ core/computations/bill_processor.py
  ‚úÖ exports/renderers.py
_________________________ test_old_references_removed __________________________
----------------------------- Captured stdout call -----------------------------

Testing for old references...
  ‚ö†Ô∏è  streamlit_app.py still exists (should be removed)
_______________________ test_original_template_rendering _______________________
----------------------------- Captured stdout call -----------------------------
‚úÖ first_page.html rendered successfully (10577 characters)
‚ùå deviation_statement.html rendering failed: '>' not supported between instances of 'str' and 'int'
‚úÖ extra_items.html rendered successfully (1444 characters)
‚úÖ last_page.html rendered successfully (2645 characters)
‚úÖ note_sheet.html rendered successfully (4970 characters)
______________________________ test_pdfkit_import ______________________________
----------------------------- Captured stdout call -----------------------------
Testing pdfkit import...
‚úÖ pdfkit imported successfully
‚ö†Ô∏è  wkhtmltopdf not available: No wkhtmltopdf executable found: "b''"
If this file exists please check that this process can read it or you can pass path to it manually in method call, check README. Otherwise please install wkhtmltopdf - https://github.com/JazzCore/python-pdfkit/wiki/Installing-wkhtmltopdf
____________________________ test_renderers_import _____________________________
----------------------------- Captured stdout call -----------------------------

Testing exports.renderers import...
‚úÖ exports.renderers imported successfully
______________________________ test_requirements _______________________________
----------------------------- Captured stdout call -----------------------------
‚úÖ streamlit - OK
‚úÖ pandas - OK
‚úÖ openpyxl - OK
‚úÖ numpy - OK
‚úÖ docx - OK
‚úÖ jinja2 - OK
‚úÖ xhtml2pdf - OK
‚úÖ reportlab - OK
‚úÖ bs4 - OK
‚úÖ lxml - OK
‚úÖ num2words - OK
‚úÖ PIL - OK

üéâ All required packages are available!
________________________ test_specification_population _________________________
----------------------------- Captured stdout call -----------------------------
Testing specification population for deviation statement...
  ‚úì Non-zero rate item: Main Specification >> Nos >> 10 >> 1000
    Main spec: Main Specification
    Additional specs: ['Nos', '10', '1000']
  ‚úì Zero rate item: Description correctly left blank

Test completed!
___________________________ test_import_modular_app ____________________________
----------------------------- Captured stdout call -----------------------------

5. Testing Modular App Import
------------------------------
  ‚úÖ app/main.py imported successfully
  ‚úÖ core/computations/bill_processor.py imported successfully
  ‚úÖ exports/renderers.py imported successfully
____________________________ test_jinja2_templates _____________________________
----------------------------- Captured stdout call -----------------------------

7. Testing Jinja2 Templates
-------------------------
  ‚úÖ first_page.html loaded successfully
  ‚úÖ deviation_statement.html loaded successfully
  ‚úÖ extra_items.html loaded successfully
  ‚úÖ last_page.html loaded successfully
  ‚úÖ note_sheet.html loaded successfully
_________________________________ test_imports _________________________________
----------------------------- Captured stdout call -----------------------------
Testing Streamlit Cloud imports...
Current sys.path: ['/workspace', '/workspace', '/workspace', '/workspace', '/workspace', '/workspace/app', '/workspace', '/', '/workspace/tests/..', '/', '/workspace/tests/..', '/', '/workspace', '/', '/workspace/..', '/', '/workspace', '/usr/lib/python313.zip', '/usr/lib/python3.13', '/usr/lib/python3.13/lib-dynload', '/home/ubuntu/.local/lib/python3.13/site-packages', '/usr/local/lib/python3.13/dist-packages', '/usr/lib/python3/dist-packages', '/workspace', '/workspace']
Current directory: /workspace
Parent directory: /
Testing core.computations.bill_processor import...
‚úì core.computations.bill_processor imports successful
Testing exports.renderers import...
‚úì exports.renderers imports successful
Testing core.streamlit_pdf_integration import...
‚úì core.streamlit_pdf_integration imports successful

‚úÖ All imports successful!
________________________ test_streamlit_pdf_integration ________________________
----------------------------- Captured stdout call -----------------------------
‚úÖ Successfully imported StreamlitPDFManager and PDFGenerator
‚úÖ PDF Manager initialized - Cloud mode: True
‚úÖ Temporary directory: /workspace/temp_pdfs
‚úÖ PDF Generator initialized - Available engines: ['reportlab', 'xhtml2pdf', 'pdfkit']
‚úÖ Streamlit PDF integration is working correctly
___________________________ test_template_rendering ____________________________
----------------------------- Captured stdout call -----------------------------
‚ùå first_page.html rendering failed: 'builtin_function_or_method' object is not iterable
‚ùå deviation_statement.html rendering failed: 'builtin_function_or_method' object is not iterable
‚ùå extra_items.html rendering failed: 'builtin_function_or_method' object is not iterable
‚ùå note_sheet.html rendering failed: 'dict object' has no attribute 'payable'
‚ùå last_page.html rendering failed: 'builtin_function_or_method' object is not iterable
___________________________ test_zero_rate_handling ____________________________
----------------------------- Captured stdout call -----------------------------
Testing Zero Rate Item Handling
===================================
Zero Rate Item (Row 1):
  ‚úì Serial No: '1' (populated)
  ‚úì Description: 'Main Specification' (populated)
  ‚úì Remark: 'Remark 1' (populated)
  ‚úì Unit: '' (blank as required)
  ‚úì Quantity: '' (blank as required)
  ‚úì Rate: '' (blank as required)
  ‚úì Amount: '' (blank as required)

Non-Zero Rate Item (Row 2):
  ‚úì Serial No: '2' (populated)
  ‚úì Description: 'Another Item' (populated with all specs)
  ‚úì Unit: 'Mtr' (populated)
  ‚úì Remark: 'Remark 2' (populated)
  ‚úì Quantity: populated (not blank)
  ‚úì Rate: populated (not blank)
  ‚úì Amount: populated (not blank)

Blank Rate Item (Row 3):
  ‚úì Serial No: '3' (populated)
  ‚úì Description: 'Third Item' (populated)
  ‚úì Remark: 'Remark 3' (populated)
  ‚úì Unit: '' (blank as required)
  ‚úì Quantity: '' (blank as required)
  ‚úì Rate: '' (blank as required)
  ‚úì Amount: '' (blank as required)

Summary:
‚úì Zero rate items: Item No., Description*, and Remark populated; others blank
‚úì Non-zero rate items: ALL specifications populated for meaningful bill amounts
_________________________ test_zero_rate_item_handling _________________________
----------------------------- Captured stdout call -----------------------------
Testing Zero Rate Item Handling
========================================

1. Work Order Zero Rate Item:
   Input - Serial No: 10
   Input - Description: Concrete Mixture
   Input - Unit: Cubic Meter
   Input - Quantity: 15.5
   Input - Rate: 0
   Input - Remark: Rate to be determined

   Output (Zero Rate Handling):
   ‚úÖ Serial No: 10
   ‚úÖ Description: Concrete Mixture
   ‚ùå Unit: ''
   ‚ùå Quantity: ''
   ‚ùå Rate: ''
   ‚úÖ Remark: Rate to be determined
   ‚ùå Amount: ''

2. Normal Rate Item (for comparison):
   Input - Serial No: 15
   Input - Description: Steel Bars
   Input - Unit: Kilogram
   Input - Quantity: 100.0
   Input - Rate: 45.50
   Input - Remark: Standard rate

   Output (Normal Rate Handling):
   ‚úÖ Serial No: 15
   ‚úÖ Description: Steel Bars
   ‚úÖ Unit: Kilogram
   ‚úÖ Quantity: 100.0
   ‚úÖ Rate: 45.5
   ‚úÖ Remark: Standard rate
   ‚úÖ Amount: 4550

3. Extra Items Zero Rate Item:
   Input - Serial No: 5
   Input - Description: Special Coating
   Input - Unit: Square Meter
   Input - Quantity: 25.0
   Input - Rate: ''
   Input - Remark: Pending approval

   Output (Zero Rate Handling):
   ‚úÖ Serial No: 5
   ‚úÖ Description: Special Coating
   ‚ùå Unit: ''
   ‚ùå Quantity: ''
   ‚ùå Rate: ''
   ‚úÖ Remark: Pending approval
   ‚ùå Amount: ''

========================================
Zero Rate Handling Test Complete
‚úÖ Confirmed: Specification compliance verified
‚ùå Blank fields correctly left empty for zero rate items
-- generated xml file: /workspace/All_Outputs/tests_20251023_032430/junit.xml --
=========================== short test summary info ============================
PASSED comprehensive_test.py::test_safe_float
PASSED comprehensive_test.py::test_sum_with_safe_float
PASSED diagnose_batch_test.py::test_simple_function
PASSED direct_test.py::test_enhanced_batch_tester
PASSED minimal_test.py::test_template_loading
PASSED streamlit_deployability_test.py::test_python_environment
PASSED streamlit_deployability_test.py::test_required_dependencies
PASSED streamlit_deployability_test.py::test_module_imports
PASSED streamlit_deployability_test.py::test_template_files
PASSED streamlit_deployability_test.py::test_streamlit_syntax
PASSED streamlit_deployability_test.py::test_actual_streamlit_import
PASSED test_basic_functionality.py::test_imports
PASSED test_basic_functionality.py::test_function_imports
PASSED test_certificates.py::test_certificate_templates
PASSED test_cloud_deployment.py::test_basic_requirements
PASSED test_cloud_deployment.py::test_environment_detection
PASSED test_cloud_deployment.py::test_pdf_generation
PASSED test_deployment.py::test_deployment
PASSED test_deviation_statement_zero_rate.py::test_deviation_statement_zero_rate_handling
PASSED test_enhanced_pdf.py::test_enhanced_pdf_generation
PASSED test_essential_packages.py::test_essential_packages
PASSED test_float_conversion.py::test_float_conversion
PASSED test_imports.py::test_imports
PASSED test_input_output.py::test_different_inputs
PASSED test_launch.py::test_app_launch
PASSED test_modular_app.py::test_imports
PASSED test_modular_app.py::test_module_structure
PASSED test_modular_fixes.py::test_file_structure
PASSED test_modular_fixes.py::test_module_imports
PASSED test_modular_fixes.py::test_old_references_removed
PASSED test_original_templates.py::test_original_template_rendering
PASSED test_pdfkit_import.py::test_pdfkit_import
PASSED test_pdfkit_import.py::test_renderers_import
PASSED test_requirements.py::test_requirements
PASSED test_specification_fix.py::test_specification_population
PASSED test_streamlit_deploy.py::test_import_modular_app
PASSED test_streamlit_deploy.py::test_jinja2_templates
PASSED test_streamlit_imports.py::test_imports
PASSED test_streamlit_pdf.py::test_streamlit_pdf_integration
PASSED test_templates.py::test_template_rendering
PASSED test_zero_rate_fix.py::test_zero_rate_handling
PASSED test_zero_rate_handling.py::test_zero_rate_item_handling
PASSED tests/test_modularization.py::TestModularization::test_app_module_import
PASSED tests/test_modularization.py::TestModularization::test_core_module_import
PASSED tests/test_modularization.py::TestModularization::test_exports_module_import
PASSED tests/test_modularization.py::TestModularization::test_number_to_words_function
PASSED tests/test_modularization.py::TestModularization::test_safe_float_function
PASSED tests/test_optimizations.py::TestOptimizations::test_advanced_formats_import
PASSED tests/test_optimizations.py::TestOptimizations::test_batch_processor_import
PASSED tests/test_optimizations.py::TestOptimizations::test_css_minification
PASSED tests/test_optimizations.py::TestOptimizations::test_frontend_optimizer_import
PASSED tests/test_optimizations.py::TestOptimizations::test_js_minification
PASSED tests/test_optimizations.py::TestOptimizations::test_json_generation
PASSED tests/test_optimizations.py::TestOptimizations::test_redis_cache_import
PASSED tests/test_optimizations.py::TestOptimizations::test_xml_generation
ERROR test_all_batch_files.py::test_batch_file_syntax
ERROR test_all_batch_files.py::test_batch_file_execution
FAILED test_pdfkit.py::test_pdfkit - OSError: No wkhtmltopdf executable found...
============= 1 failed, 55 passed, 36 warnings, 2 errors in 5.40s ==============
