<?xml version="1.0" encoding="utf-8"?><testsuites name="pytest tests"><testsuite name="pytest" errors="10" failures="0" skipped="0" tests="10" time="0.347" timestamp="2025-10-23T03:19:43.511480+00:00" hostname="cursor"><testcase classname="" name="minimal_test" time="0.000"><error message="collection failure">ImportError while importing test module '/workspace/minimal_test.py'.
Hint: make sure your test modules/packages have valid Python names.
Traceback:
/usr/lib/python3.13/importlib/__init__.py:88: in import_module
    return _bootstrap._gcd_import(name[level:], package, level)
           ^^^^^^^^^^^^^^^^^^^^^^^^^^^^^^^^^^^^^^^^^^^^^^^^^^^^
minimal_test.py:2: in &lt;module&gt;
    from jinja2 import Environment, FileSystemLoader
E   ModuleNotFoundError: No module named 'jinja2'</error></testcase><testcase classname="" name="template_test" time="0.000"><error message="collection failure">ImportError while importing test module '/workspace/template_test.py'.
Hint: make sure your test modules/packages have valid Python names.
Traceback:
/usr/lib/python3.13/importlib/__init__.py:88: in import_module
    return _bootstrap._gcd_import(name[level:], package, level)
           ^^^^^^^^^^^^^^^^^^^^^^^^^^^^^^^^^^^^^^^^^^^^^^^^^^^^
template_test.py:2: in &lt;module&gt;
    from jinja2 import Environment, FileSystemLoader
E   ModuleNotFoundError: No module named 'jinja2'</error></testcase><testcase classname="" name="test_certificates" time="0.000"><error message="collection failure">ImportError while importing test module '/workspace/test_certificates.py'.
Hint: make sure your test modules/packages have valid Python names.
Traceback:
/usr/lib/python3.13/importlib/__init__.py:88: in import_module
    return _bootstrap._gcd_import(name[level:], package, level)
           ^^^^^^^^^^^^^^^^^^^^^^^^^^^^^^^^^^^^^^^^^^^^^^^^^^^^
test_certificates.py:6: in &lt;module&gt;
    from jinja2 import Environment, FileSystemLoader
E   ModuleNotFoundError: No module named 'jinja2'</error></testcase><testcase classname="" name="test_input_output" time="0.000"><error message="collection failure">ImportError while importing test module '/workspace/test_input_output.py'.
Hint: make sure your test modules/packages have valid Python names.
Traceback:
/usr/lib/python3.13/importlib/__init__.py:88: in import_module
    return _bootstrap._gcd_import(name[level:], package, level)
           ^^^^^^^^^^^^^^^^^^^^^^^^^^^^^^^^^^^^^^^^^^^^^^^^^^^^
test_input_output.py:9: in &lt;module&gt;
    import pandas as pd
E   ModuleNotFoundError: No module named 'pandas'</error></testcase><testcase classname="" name="test_original_templates" time="0.000"><error message="collection failure">ImportError while importing test module '/workspace/test_original_templates.py'.
Hint: make sure your test modules/packages have valid Python names.
Traceback:
/usr/lib/python3.13/importlib/__init__.py:88: in import_module
    return _bootstrap._gcd_import(name[level:], package, level)
           ^^^^^^^^^^^^^^^^^^^^^^^^^^^^^^^^^^^^^^^^^^^^^^^^^^^^
test_original_templates.py:5: in &lt;module&gt;
    from jinja2 import Environment, FileSystemLoader
E   ModuleNotFoundError: No module named 'jinja2'</error></testcase><testcase classname="" name="test_pdfkit" time="0.000"><error message="collection failure">ImportError while importing test module '/workspace/test_pdfkit.py'.
Hint: make sure your test modules/packages have valid Python names.
Traceback:
/usr/lib/python3.13/importlib/__init__.py:88: in import_module
    return _bootstrap._gcd_import(name[level:], package, level)
           ^^^^^^^^^^^^^^^^^^^^^^^^^^^^^^^^^^^^^^^^^^^^^^^^^^^^
test_pdfkit.py:4: in &lt;module&gt;
    import pdfkit
E   ModuleNotFoundError: No module named 'pdfkit'</error></testcase><testcase classname="" name="test_specification_fix" time="0.000"><error message="collection failure">ImportError while importing test module '/workspace/test_specification_fix.py'.
Hint: make sure your test modules/packages have valid Python names.
Traceback:
/usr/lib/python3.13/importlib/__init__.py:88: in import_module
    return _bootstrap._gcd_import(name[level:], package, level)
           ^^^^^^^^^^^^^^^^^^^^^^^^^^^^^^^^^^^^^^^^^^^^^^^^^^^^
test_specification_fix.py:4: in &lt;module&gt;
    import pandas as pd
E   ModuleNotFoundError: No module named 'pandas'</error></testcase><testcase classname="" name="test_streamlit_deploy" time="0.000"><error message="collection failure">ImportError while importing test module '/workspace/test_streamlit_deploy.py'.
Hint: make sure your test modules/packages have valid Python names.
Traceback:
/usr/lib/python3.13/importlib/__init__.py:88: in import_module
    return _bootstrap._gcd_import(name[level:], package, level)
           ^^^^^^^^^^^^^^^^^^^^^^^^^^^^^^^^^^^^^^^^^^^^^^^^^^^^
test_streamlit_deploy.py:9: in &lt;module&gt;
    import requests
E   ModuleNotFoundError: No module named 'requests'</error></testcase><testcase classname="" name="test_templates" time="0.000"><error message="collection failure">ImportError while importing test module '/workspace/test_templates.py'.
Hint: make sure your test modules/packages have valid Python names.
Traceback:
/usr/lib/python3.13/importlib/__init__.py:88: in import_module
    return _bootstrap._gcd_import(name[level:], package, level)
           ^^^^^^^^^^^^^^^^^^^^^^^^^^^^^^^^^^^^^^^^^^^^^^^^^^^^
test_templates.py:5: in &lt;module&gt;
    from jinja2 import Environment, FileSystemLoader
E   ModuleNotFoundError: No module named 'jinja2'</error></testcase><testcase classname="" name="test_zero_rate_fix" time="0.000"><error message="collection failure">ImportError while importing test module '/workspace/test_zero_rate_fix.py'.
Hint: make sure your test modules/packages have valid Python names.
Traceback:
/usr/lib/python3.13/importlib/__init__.py:88: in import_module
    return _bootstrap._gcd_import(name[level:], package, level)
           ^^^^^^^^^^^^^^^^^^^^^^^^^^^^^^^^^^^^^^^^^^^^^^^^^^^^
test_zero_rate_fix.py:4: in &lt;module&gt;
    import pandas as pd
E   ModuleNotFoundError: No module named 'pandas'</error></testcase></testsuite></testsuites>